<?xml version="1.0" encoding="UTF-8"?>
<!-- Generated by org.testng.reporters.JUnitReportReporter -->
<testsuite hostname="LAPTOP-BFM5BG7L" failures="0" tests="5" name="Test_Udemy.UdemyTest" time="18.154" errors="0" timestamp="2022-11-12T06:56:51 IST" skipped="2">
  <testcase classname="Test_Udemy.UdemyTest" name="featuredTopics" time="2.606"/>
  <system-out/>
  <testcase classname="Test_Udemy.UdemyTest" name="topCategories" time="0.421"/>
  <system-out/>
  <testcase classname="Test_Udemy.UdemyTest" name="Filtering" time="15.127"/>
  <system-out/>
  <testcase classname="Test_Udemy.UdemyTest" name="logIn">
    <skipped/>
  </testcase> <!-- logIn -->
  <system-out/>
  <testcase classname="Test_Udemy.UdemyTest" name="searchSubjects">
    <skipped/>
  </testcase> <!-- searchSubjects -->
  <system-out/>
</testsuite> <!-- Test_Udemy.UdemyTest -->
