<?xml version="1.0" encoding="UTF-8"?>
<!-- Generated by org.testng.reporters.JUnitReportReporter -->
<testsuite hostname="LAPTOP-BFM5BG7L" failures="0" tests="6" name="Test_Udemy.UdemyTest" time="108.141" errors="0" timestamp="2022-11-12T05:51:40 IST" skipped="1">
  <testcase classname="Test_Udemy.UdemyTest" name="featuredTopics" time="3.213"/>
  <system-out/>
  <testcase classname="Test_Udemy.UdemyTest" name="topCategories" time="2.460"/>
  <system-out/>
  <testcase classname="Test_Udemy.UdemyTest" name="searchSubjects" time="34.404"/>
  <system-out/>
  <testcase classname="Test_Udemy.UdemyTest" name="searchSubjects" time="33.344"/>
  <system-out/>
  <testcase classname="Test_Udemy.UdemyTest" name="searchSubjects" time="34.720"/>
  <system-out/>
  <testcase classname="Test_Udemy.UdemyTest" name="logIn">
    <skipped/>
  </testcase> <!-- logIn -->
  <system-out/>
</testsuite> <!-- Test_Udemy.UdemyTest -->
