<?xml version="1.0" encoding="UTF-8"?>
<!-- Generated by org.testng.reporters.JUnitReportReporter -->
<testsuite hostname="LAPTOP-BFM5BG7L" failures="0" tests="2" name="Test_Task.BookingTest" time="69.031" errors="0" timestamp="2022-10-18T11:21:58 IDT" skipped="0">
  <testcase classname="Test_Task.BookingTest" name="TestBooking" time="33.883"/>
  <system-out/>
  <testcase classname="Test_Task.BookingTest" name="TestBooking" time="35.148"/>
  <system-out/>
</testsuite> <!-- Test_Task.BookingTest -->
